<?xml version="1.0" encoding="UTF-8"?>
<!-- Generated by org.testng.reporters.JUnitXMLReporter -->
<testsuite ignored="0" hostname="DESKTOP-EKSVNDS" failures="1" tests="1" name="Default test" time="52.404" errors="0" timestamp="2021-12-06T01:56:44 PST">
  <testcase classname="project.SiteVisit" name="BoiBazar" time="52.353">
    <failure type="org.openqa.selenium.WebDriverException" message="element click intercepted: Element &amp;lt;span class=&amp;quot;price-font&amp;quot; style=&amp;quot;text-transform: none; &amp;quot; id=&amp;quot;cartCost&amp;quot;&amp;gt;...&amp;lt;/span&amp;gt; is not clickable at point (1299, 220). Other element would receive the click: &amp;lt;iframe name=&amp;quot;fba8efc75a0888&amp;quot; width=&amp;quot;1000px&amp;quot; height=&amp;quot;1000px&amp;quot; data-testid=&amp;quot;dialog_iframe&amp;quot; title=&amp;quot;&amp;quot; frameborder=&amp;quot;0&amp;quot; allowtransparency=&amp;quot;true&amp;quot; allowfullscreen=&amp;quot;true&amp;quot; scrolling=&amp;quot;no&amp;quot; allow=&amp;quot;encrypted-media&amp;quot; src=&amp;quot;https://www.facebook.com/v2.8/plugins/customerchat.php?app_id=1764304390530081&amp;amp;amp;channel=https%3A%2F%2Fstaticxx.facebook.com%2Fx%2Fconnect%2Fxd_arbiter%2F%3Fversion%3D46%23cb%3Df3b6323278953a4%26domain%3Dwww.boibazar.com%26is_canvas%3Dfalse%26origin%3Dhttps%253A%252F%252Fwww.boibazar.com%252Ffaf58571a7437%26relation%3Dparent.parent&amp;amp;amp;container_width=0&amp;amp;amp;current_url=https%3A%2F%2Fwww.boibazar.com%2Fcategory-books%2Fhistorical-novel&amp;amp;amp;local_state=%7B%22v%22%3A1%2C%22path%22%3A2%2C%22chatState%22%3A1%2C%22visibility%22%3A%22not-hidden%22%2C%22showUpgradePrompt%22%3A%22not_shown%22%7D&amp;amp;amp;locale=en_US&amp;amp;amp;log_id=f4967459-9094-4370-ac89-60bf4c54d137&amp;amp;amp;page_id=156767368384208&amp;amp;amp;request_time=1638784600585&amp;amp;amp;sdk=joey&amp;quot; style=&amp;quot;width: 399px; padding: 0px; position: fixed; z-index: 2147483646; border-radius: 16px; top: auto; background: none; bottom: 84px; max-height: calc(100% - 84px); right: 4px; margin-right: 12px; height: 438px; visibility: visible;&amp;quot; class=&amp;quot;&amp;quot;&amp;gt;&amp;lt;/iframe&amp;gt;
  (Session info: chrome=96.0.4664.45)
Build info: version: &amp;apos;3.4.0&amp;apos;, revision: &amp;apos;unknown&amp;apos;, time: &amp;apos;unknown&amp;apos;
System info: host: &amp;apos;DESKTOP-EKSVNDS&amp;apos;, ip: &amp;apos;192.168.0.102&amp;apos;, os.name: &amp;apos;Windows 10&amp;apos;, os.arch: &amp;apos;amd64&amp;apos;, os.version: &amp;apos;10.0&amp;apos;, java.version: &amp;apos;11&amp;apos;
Driver info: org.openqa.selenium.chrome.ChromeDriver
Capabilities [{networkConnectionEnabled=false, chrome={chromedriverVersion=96.0.4664.45 (76e4c1bb2ab4671b8beba3444e61c0f17584b2fc-refs/branch-heads/4664@{#947}), userDataDir=C:\Users\Jewel\AppData\Local\Temp\scoped_dir10568_2082863437}, timeouts={implicit=0.0, pageLoad=300000.0, script=30000.0}, pageLoadStrategy=normal, unhandledPromptBehavior=dismiss and notify, strictFileInteractability=false, platform=ANY, proxy=Proxy(), goog:chromeOptions={debuggerAddress=localhost:64872}, webauthn:extension:credBlob=true, acceptInsecureCerts=false, browserVersion=96.0.4664.45, browserName=chrome, javascriptEnabled=true, platformName=windows, setWindowRect=true, webauthn:extension:largeBlob=true, webauthn:virtualAuthenticators=true}]
Session ID: bd7c810a37575cb6a7113c799d42fac5">
      <![CDATA[org.openqa.selenium.WebDriverException: element click intercepted: Element <span class="price-font" style="text-transform: none; " id="cartCost">...</span> is not clickable at point (1299, 220). Other element would receive the click: <iframe name="fba8efc75a0888" width="1000px" height="1000px" data-testid="dialog_iframe" title="" frameborder="0" allowtransparency="true" allowfullscreen="true" scrolling="no" allow="encrypted-media" src="https://www.facebook.com/v2.8/plugins/customerchat.php?app_id=1764304390530081&amp;channel=https%3A%2F%2Fstaticxx.facebook.com%2Fx%2Fconnect%2Fxd_arbiter%2F%3Fversion%3D46%23cb%3Df3b6323278953a4%26domain%3Dwww.boibazar.com%26is_canvas%3Dfalse%26origin%3Dhttps%253A%252F%252Fwww.boibazar.com%252Ffaf58571a7437%26relation%3Dparent.parent&amp;container_width=0&amp;current_url=https%3A%2F%2Fwww.boibazar.com%2Fcategory-books%2Fhistorical-novel&amp;local_state=%7B%22v%22%3A1%2C%22path%22%3A2%2C%22chatState%22%3A1%2C%22visibility%22%3A%22not-hidden%22%2C%22showUpgradePrompt%22%3A%22not_shown%22%7D&amp;locale=en_US&amp;log_id=f4967459-9094-4370-ac89-60bf4c54d137&amp;page_id=156767368384208&amp;request_time=1638784600585&amp;sdk=joey" style="width: 399px; padding: 0px; position: fixed; z-index: 2147483646; border-radius: 16px; top: auto; background: none; bottom: 84px; max-height: calc(100% - 84px); right: 4px; margin-right: 12px; height: 438px; visibility: visible;" class=""></iframe>
  (Session info: chrome=96.0.4664.45)
Build info: version: '3.4.0', revision: 'unknown', time: 'unknown'
System info: host: 'DESKTOP-EKSVNDS', ip: '192.168.0.102', os.name: 'Windows 10', os.arch: 'amd64', os.version: '10.0', java.version: '11'
Driver info: org.openqa.selenium.chrome.ChromeDriver
Capabilities [{networkConnectionEnabled=false, chrome={chromedriverVersion=96.0.4664.45 (76e4c1bb2ab4671b8beba3444e61c0f17584b2fc-refs/branch-heads/4664@{#947}), userDataDir=C:\Users\Jewel\AppData\Local\Temp\scoped_dir10568_2082863437}, timeouts={implicit=0.0, pageLoad=300000.0, script=30000.0}, pageLoadStrategy=normal, unhandledPromptBehavior=dismiss and notify, strictFileInteractability=false, platform=ANY, proxy=Proxy(), goog:chromeOptions={debuggerAddress=localhost:64872}, webauthn:extension:credBlob=true, acceptInsecureCerts=false, browserVersion=96.0.4664.45, browserName=chrome, javascriptEnabled=true, platformName=windows, setWindowRect=true, webauthn:extension:largeBlob=true, webauthn:virtualAuthenticators=true}]
Session ID: bd7c810a37575cb6a7113c799d42fac5
at java.base/jdk.internal.reflect.NativeConstructorAccessorImpl.newInstance0(Native Method)
at java.base/jdk.internal.reflect.NativeConstructorAccessorImpl.newInstance(NativeConstructorAccessorImpl.java:62)
at java.base/jdk.internal.reflect.DelegatingConstructorAccessorImpl.newInstance(DelegatingConstructorAccessorImpl.java:45)
at java.base/java.lang.reflect.Constructor.newInstance(Constructor.java:490)
at org.openqa.selenium.remote.http.W3CHttpResponseCodec.createException(W3CHttpResponseCodec.java:150)
at org.openqa.selenium.remote.http.W3CHttpResponseCodec.decode(W3CHttpResponseCodec.java:115)
at org.openqa.selenium.remote.http.W3CHttpResponseCodec.decode(W3CHttpResponseCodec.java:45)
at org.openqa.selenium.remote.HttpCommandExecutor.execute(HttpCommandExecutor.java:164)
at org.openqa.selenium.remote.service.DriverCommandExecutor.execute(DriverCommandExecutor.java:82)
at org.openqa.selenium.remote.RemoteWebDriver.execute(RemoteWebDriver.java:637)
at org.openqa.selenium.remote.RemoteWebElement.execute(RemoteWebElement.java:272)
at org.openqa.selenium.remote.RemoteWebElement.click(RemoteWebElement.java:82)
at project.SiteVisit.BoiBazar(SiteVisit.java:41)
at java.base/jdk.internal.reflect.NativeMethodAccessorImpl.invoke0(Native Method)
at java.base/jdk.internal.reflect.NativeMethodAccessorImpl.invoke(NativeMethodAccessorImpl.java:62)
at java.base/jdk.internal.reflect.DelegatingMethodAccessorImpl.invoke(DelegatingMethodAccessorImpl.java:43)
at java.base/java.lang.reflect.Method.invoke(Method.java:566)
at org.testng.internal.MethodInvocationHelper.invokeMethod(MethodInvocationHelper.java:133)
at org.testng.internal.TestInvoker.invokeMethod(TestInvoker.java:598)
at org.testng.internal.TestInvoker.invokeTestMethod(TestInvoker.java:173)
at org.testng.internal.MethodRunner.runInSequence(MethodRunner.java:46)
at org.testng.internal.TestInvoker$MethodInvocationAgent.invoke(TestInvoker.java:824)
at org.testng.internal.TestInvoker.invokeTestMethods(TestInvoker.java:146)
at org.testng.internal.TestMethodWorker.invokeTestMethods(TestMethodWorker.java:146)
at org.testng.internal.TestMethodWorker.run(TestMethodWorker.java:128)
at java.base/java.util.ArrayList.forEach(ArrayList.java:1540)
at org.testng.TestRunner.privateRun(TestRunner.java:794)
at org.testng.TestRunner.run(TestRunner.java:596)
at org.testng.SuiteRunner.runTest(SuiteRunner.java:377)
at org.testng.SuiteRunner.runSequentially(SuiteRunner.java:371)
at org.testng.SuiteRunner.privateRun(SuiteRunner.java:332)
at org.testng.SuiteRunner.run(SuiteRunner.java:276)
at org.testng.SuiteRunnerWorker.runSuite(SuiteRunnerWorker.java:53)
at org.testng.SuiteRunnerWorker.run(SuiteRunnerWorker.java:96)
at org.testng.TestNG.runSuitesSequentially(TestNG.java:1212)
at org.testng.TestNG.runSuitesLocally(TestNG.java:1134)
at org.testng.TestNG.runSuites(TestNG.java:1063)
at org.testng.TestNG.run(TestNG.java:1031)
at org.testng.remote.AbstractRemoteTestNG.run(AbstractRemoteTestNG.java:115)
at org.testng.remote.RemoteTestNG.initAndRun(RemoteTestNG.java:251)
at org.testng.remote.RemoteTestNG.main(RemoteTestNG.java:77)
]]>
    </failure>
  </testcase> <!-- BoiBazar -->
</testsuite> <!-- Default test -->
